<?xml version="1.0" encoding="UTF-8"?>
<testsuite xmlns:xsi="http://www.w3.org/2001/XMLSchema-instance" xsi:noNamespaceSchemaLocation="https://maven.apache.org/surefire/maven-surefire-plugin/xsd/surefire-test-report.xsd" name="guru.springframework.sfgpetclinic.controllers.IndexControllerTest" time="0.145" tests="12" errors="0" skipped="8" failures="0">
  <properties>
[...]
</properties>
  <testcase name="testTimeOut" classname="guru.springframework.sfgpetclinic.controllers.IndexControllerTest" time="0">
    <skipped message="Demo of timeout"/>
    <system-out><![CDATA[Lets do something here
]]></system-out>
  </testcase>
  <testcase name="testMeOnJava11" classname="guru.springframework.sfgpetclinic.controllers.IndexControllerTest" time="0">
    <skipped message="Disabled on JRE version: 17.0.7"/>
  </testcase>
  <testcase name="testAssumptionTrueAssumptionIsTrue" classname="guru.springframework.sfgpetclinic.controllers.IndexControllerTest" time="0.016"/>
  <testcase name="testMeOnWindows" classname="guru.springframework.sfgpetclinic.controllers.IndexControllerTest" time="0.001"/>
  <testcase name="index" classname="guru.springframework.sfgpetclinic.controllers.IndexControllerTest" time="0.082"/>
  <testcase name="testIfUserFred" classname="guru.springframework.sfgpetclinic.controllers.IndexControllerTest" time="0">
    <skipped message="Environment variable [USER] does not exist"/>
  </testcase>
  <testcase name="testTimeOutPrempt" classname="guru.springframework.sfgpetclinic.controllers.IndexControllerTest" time="0">
    <skipped message="Demo of timeout"/>
  </testcase>
  <testcase name="oupsHandler" classname="guru.springframework.sfgpetclinic.controllers.IndexControllerTest" time="0.001"/>
  <testcase name="testMeOnJava8" classname="guru.springframework.sfgpetclinic.controllers.IndexControllerTest" time="0">
    <skipped message="Disabled on JRE version: 17.0.7"/>
  </testcase>
  <testcase name="testMeOnMacOS" classname="guru.springframework.sfgpetclinic.controllers.IndexControllerTest" time="0">
    <skipped message="Disabled on operating system: Windows 10"/>
  </testcase>
  <testcase name="testAssumptionTrue" classname="guru.springframework.sfgpetclinic.controllers.IndexControllerTest" time="0">
    <skipped message="Assumption failed: assumption is not true" type="org.opentest4j.TestAbortedException">org.opentest4j.TestAbortedException: Assumption failed: assumption is not true
	at guru.springframework.sfgpetclinic.controllers.IndexControllerTest.testAssumptionTrue(IndexControllerTest.java:70)
</skipped>
  </testcase>
  <testcase name="testIfUserJT" classname="guru.springframework.sfgpetclinic.controllers.IndexControllerTest" time="0">
    <skipped message="Environment variable [USER] does not exist"/>
  </testcase>
</testsuite>