<?xml version="1.0" encoding="UTF-8"?>
<testsuite xmlns:xsi="http://www.w3.org/2001/XMLSchema-instance" xsi:noNamespaceSchemaLocation="https://maven.apache.org/surefire/maven-surefire-plugin/xsd/surefire-test-report.xsd" name="guru.springframework.sfgpetclinic.model.OwnerTest" time="0.485" tests="18" errors="0" skipped="0" failures="0">
  <properties>
[...]
</properties>
  <testcase name="testValueSource{String}[1]" classname="guru.springframework.sfgpetclinic.model.OwnerTest" time="0.056"/>
  <testcase name="testValueSource{String}[2]" classname="guru.springframework.sfgpetclinic.model.OwnerTest" time="0.004"/>
  <testcase name="testValueSource{String}[3]" classname="guru.springframework.sfgpetclinic.model.OwnerTest" time="0.002"/>
  <testcase name="enumTest{OwnerType}[1]" classname="guru.springframework.sfgpetclinic.model.OwnerTest" time="0.005"/>
  <testcase name="enumTest{OwnerType}[2]" classname="guru.springframework.sfgpetclinic.model.OwnerTest" time="0.011"/>
  <testcase name="dependentAssertions" classname="guru.springframework.sfgpetclinic.model.OwnerTest" time="0.013"/>
  <testcase name="fromCustomProviderTest{String, int, int}[1]" classname="guru.springframework.sfgpetclinic.model.OwnerTest" time="0.022"/>
  <testcase name="fromCustomProviderTest{String, int, int}[2]" classname="guru.springframework.sfgpetclinic.model.OwnerTest" time="0.001"/>
  <testcase name="fromCustomProviderTest{String, int, int}[3]" classname="guru.springframework.sfgpetclinic.model.OwnerTest" time="0"/>
  <testcase name="fromMethodTest{String, int, int}[1]" classname="guru.springframework.sfgpetclinic.model.OwnerTest" time="0.005"/>
  <testcase name="fromMethodTest{String, int, int}[2]" classname="guru.springframework.sfgpetclinic.model.OwnerTest" time="0"/>
  <testcase name="fromMethodTest{String, int, int}[3]" classname="guru.springframework.sfgpetclinic.model.OwnerTest" time="0.005"/>
  <testcase name="csvInputTest{String, int, int}[1]" classname="guru.springframework.sfgpetclinic.model.OwnerTest" time="0.002"/>
  <testcase name="csvInputTest{String, int, int}[2]" classname="guru.springframework.sfgpetclinic.model.OwnerTest" time="0"/>
  <testcase name="csvInputTest{String, int, int}[3]" classname="guru.springframework.sfgpetclinic.model.OwnerTest" time="0"/>
  <testcase name="csvFromFileTest{String, int, int}[1]" classname="guru.springframework.sfgpetclinic.model.OwnerTest" time="0.037"/>
  <testcase name="csvFromFileTest{String, int, int}[2]" classname="guru.springframework.sfgpetclinic.model.OwnerTest" time="0.006"/>
  <testcase name="csvFromFileTest{String, int, int}[3]" classname="guru.springframework.sfgpetclinic.model.OwnerTest" time="0.004"/>
</testsuite>